2024-10-20 19:13:05,640 main DEBUG database.Database (Database.java:30) - Loading database properties from db.properties
2024-10-20 19:13:05,988 main DEBUG dao.Dao (Dao.java:30) - CREATE TABLE A01183994_Customers (id VARCHAR(20), phone VARCHAR(20), firstName VARCHAR(50), lastName VARCHAR(50), streetName VARCHAR(100), city VARCHAR(50), postalCode VARCHAR(10), email VARCHAR(100), joinDate DATE, PRIMARY KEY (id))
2024-10-20 19:13:06,002 main INFO  dao.CustomerDao (CustomerDao.java:82) - Table A01183994_Customers created successfully.
2024-10-20 19:13:06,011 main DEBUG dao.Dao (Dao.java:40) - INSERT INTO A01183994_Customers VALUES ('1', '6044335004', 'Fred', 'Fish', '5707 Sidley St', 'Burnaby', 'V5J5E6', 'fredfish@imperial.net', '2008-03-22')
2024-10-20 19:13:06,094 main DEBUG dao.Dao (Dao.java:40) - INSERT INTO A01183994_Customers VALUES ('2', '6048760182', 'Laurie', 'Nash', '2816 Commercial Dr', 'Vancouver', 'V5N4C6', 'laurieeenash@modern.com', '2014-08-28')
2024-10-20 19:13:06,167 main DEBUG dao.Dao (Dao.java:40) - INSERT INTO A01183994_Customers VALUES ('3', '6045884988', 'Conrad', 'Washington', '13479 King George Blvd', 'Surrey', 'V3T2T8', 'cwash@daytona.net', '2011-07-12')
2024-10-20 19:13:06,250 main DEBUG dao.Dao (Dao.java:40) - INSERT INTO A01183994_Customers VALUES ('4', '6042762552', 'Jeanette', 'Price', '21000 Westminster Hwy', 'Richmond', 'V6V2S9', 'priceizrite@pacific.com', '2015-10-03')
2024-10-20 19:13:06,319 main DEBUG dao.Dao (Dao.java:40) - INSERT INTO A01183994_Customers VALUES ('5', '6042931022', 'Mark', 'Chan', '3766 E 1st Ave', 'Burnaby', 'V5C3V9', 'mchan@hcenter.com', '2010-04-01')
2024-10-20 19:13:06,329 main INFO  a01183994.Lab4 (Lab4.java:148) - Customers added successfully from file.
2024-10-20 19:13:07,272 main INFO  dao.CustomerDao (CustomerDao.java:173) - Cleaning up CustomerDao resources.
2024-10-20 19:13:07,343 main DEBUG dao.CustomerDao (CustomerDao.java:177) - DROP TABLE IF EXISTS A01183994_Customers
2024-10-20 19:13:07,365 main INFO  dao.CustomerDao (CustomerDao.java:179) - Table A01183994_Customers dropped successfully.
2024-10-20 19:13:07,365 main INFO  a01183994.Lab4 (Lab4.java:108) - Lab4 execution completed.
2024-10-20 19:13:42,710 main DEBUG database.Database (Database.java:30) - Loading database properties from db.properties
2024-10-20 19:13:43,083 main DEBUG dao.Dao (Dao.java:30) - CREATE TABLE A01183994_Customers (id VARCHAR(20), phone VARCHAR(20), firstName VARCHAR(50), lastName VARCHAR(50), streetName VARCHAR(100), city VARCHAR(50), postalCode VARCHAR(10), email VARCHAR(100), joinDate DATE, PRIMARY KEY (id))
2024-10-20 19:13:43,095 main INFO  dao.CustomerDao (CustomerDao.java:82) - Table A01183994_Customers created successfully.
2024-10-20 19:13:43,102 main DEBUG dao.Dao (Dao.java:40) - INSERT INTO A01183994_Customers VALUES ('1', '6044335004', 'Fred', 'Fish', '5707 Sidley St', 'Burnaby', 'V5J5E6', 'fredfish@imperial.net', '2008-03-22')
2024-10-20 19:13:43,179 main DEBUG dao.Dao (Dao.java:40) - INSERT INTO A01183994_Customers VALUES ('2', '6048760182', 'Laurie', 'Nash', '2816 Commercial Dr', 'Vancouver', 'V5N4C6', 'laurieeenash@modern.com', '2014-08-28')
2024-10-20 19:13:43,247 main DEBUG dao.Dao (Dao.java:40) - INSERT INTO A01183994_Customers VALUES ('3', '6045884988', 'Conrad', 'Washington', '13479 King George Blvd', 'Surrey', 'V3T2T8', 'cwash@daytona.net', '2011-07-12')
2024-10-20 19:13:43,315 main DEBUG dao.Dao (Dao.java:40) - INSERT INTO A01183994_Customers VALUES ('4', '6042762552', 'Jeanette', 'Price', '21000 Westminster Hwy', 'Richmond', 'V6V2S9', 'priceizrite@pacific.com', '2015-10-03')
2024-10-20 19:13:43,387 main DEBUG dao.Dao (Dao.java:40) - INSERT INTO A01183994_Customers VALUES ('5', '6042931022', 'Mark', 'Chan', '3766 E 1st Ave', 'Burnaby', 'V5C3V9', 'mchan@hcenter.com', '2010-04-01')
2024-10-20 19:13:43,397 main INFO  a01183994.Lab4 (Lab4.java:148) - Customers added successfully from file.
2024-10-20 19:13:43,884 main INFO  dao.CustomerDao (CustomerDao.java:173) - Cleaning up CustomerDao resources.
2024-10-20 19:13:43,978 main DEBUG dao.CustomerDao (CustomerDao.java:177) - DROP TABLE IF EXISTS A01183994_Customers
2024-10-20 19:13:43,993 main INFO  dao.CustomerDao (CustomerDao.java:179) - Table A01183994_Customers dropped successfully.
2024-10-20 19:13:43,993 main INFO  a01183994.Lab4 (Lab4.java:108) - Lab4 execution completed.
2024-10-20 19:13:59,568 main DEBUG database.Database (Database.java:30) - Loading database properties from db.properties
2024-10-20 19:13:59,885 main DEBUG dao.Dao (Dao.java:30) - CREATE TABLE A01183994_Customers (id VARCHAR(20), phone VARCHAR(20), firstName VARCHAR(50), lastName VARCHAR(50), streetName VARCHAR(100), city VARCHAR(50), postalCode VARCHAR(10), email VARCHAR(100), joinDate DATE, PRIMARY KEY (id))
2024-10-20 19:13:59,898 main INFO  dao.CustomerDao (CustomerDao.java:82) - Table A01183994_Customers created successfully.
2024-10-20 19:13:59,905 main DEBUG dao.Dao (Dao.java:40) - INSERT INTO A01183994_Customers VALUES ('1', '6044335004', 'Fred', 'Fish', '5707 Sidley St', 'Burnaby', 'V5J5E6', 'fredfish@imperial.net', '2008-03-22')
2024-10-20 19:13:59,985 main DEBUG dao.Dao (Dao.java:40) - INSERT INTO A01183994_Customers VALUES ('2', '6048760182', 'Laurie', 'Nash', '2816 Commercial Dr', 'Vancouver', 'V5N4C6', 'laurieeenash@modern.com', '2014-08-28')
2024-10-20 19:14:00,054 main DEBUG dao.Dao (Dao.java:40) - INSERT INTO A01183994_Customers VALUES ('3', '6045884988', 'Conrad', 'Washington', '13479 King George Blvd', 'Surrey', 'V3T2T8', 'cwash@daytona.net', '2011-07-12')
2024-10-20 19:14:00,123 main DEBUG dao.Dao (Dao.java:40) - INSERT INTO A01183994_Customers VALUES ('4', '6042762552', 'Jeanette', 'Price', '21000 Westminster Hwy', 'Richmond', 'V6V2S9', 'priceizrite@pacific.com', '2015-10-03')
2024-10-20 19:14:00,198 main DEBUG dao.Dao (Dao.java:40) - INSERT INTO A01183994_Customers VALUES ('5', '6042931022', 'Mark', 'Chan', '3766 E 1st Ave', 'Burnaby', 'V5C3V9', 'mchan@hcenter.com', '2010-04-01')
2024-10-20 19:14:00,211 main INFO  a01183994.Lab4 (Lab4.java:148) - Customers added successfully from file.
2024-10-20 19:14:00,211 main INFO  dao.CustomerDao (CustomerDao.java:173) - Cleaning up CustomerDao resources.
2024-10-20 19:14:00,295 main DEBUG dao.CustomerDao (CustomerDao.java:177) - DROP TABLE IF EXISTS A01183994_Customers
2024-10-20 19:14:00,305 main INFO  dao.CustomerDao (CustomerDao.java:179) - Table A01183994_Customers dropped successfully.
2024-10-20 19:14:00,305 main INFO  a01183994.Lab4 (Lab4.java:108) - Lab4 execution completed.
2024-10-22 20:02:36,092 main DEBUG database.Database (Database.java:30) - Loading database properties from db.properties
2024-10-22 20:02:36,469 main DEBUG dao.Dao (Dao.java:30) - CREATE TABLE A01183994_Customers (id VARCHAR(20), phone VARCHAR(20), firstName VARCHAR(50), lastName VARCHAR(50), streetName VARCHAR(100), city VARCHAR(50), postalCode VARCHAR(10), email VARCHAR(100), joinDate DATE, PRIMARY KEY (id))
2024-10-22 20:02:36,487 main INFO  dao.CustomerDao (CustomerDao.java:82) - Table A01183994_Customers created successfully.
2024-10-22 20:02:36,496 main DEBUG dao.Dao (Dao.java:40) - INSERT INTO A01183994_Customers VALUES ('1', '6044335004', 'Fred', 'Fish', '5707 Sidley St', 'Burnaby', 'V5J5E6', 'fredfish@imperial.net', '2008-03-22')
2024-10-22 20:02:36,581 main DEBUG dao.Dao (Dao.java:40) - INSERT INTO A01183994_Customers VALUES ('2', '6048760182', 'Laurie', 'Nash', '2816 Commercial Dr', 'Vancouver', 'V5N4C6', 'laurieeenash@modern.com', '2014-08-28')
2024-10-22 20:02:36,652 main DEBUG dao.Dao (Dao.java:40) - INSERT INTO A01183994_Customers VALUES ('3', '6045884988', 'Conrad', 'Washington', '13479 King George Blvd', 'Surrey', 'V3T2T8', 'cwash@daytona.net', '2011-07-12')
2024-10-22 20:02:36,730 main DEBUG dao.Dao (Dao.java:40) - INSERT INTO A01183994_Customers VALUES ('4', '6042762552', 'Jeanette', 'Price', '21000 Westminster Hwy', 'Richmond', 'V6V2S9', 'priceizrite@pacific.com', '2015-10-03')
2024-10-22 20:02:36,806 main DEBUG dao.Dao (Dao.java:40) - INSERT INTO A01183994_Customers VALUES ('5', '6042931022', 'Mark', 'Chan', '3766 E 1st Ave', 'Burnaby', 'V5C3V9', 'mchan@hcenter.com', '2010-04-01')
2024-10-22 20:02:36,817 main INFO  a01183994.Lab4 (Lab4.java:148) - Customers added successfully from file.
2024-10-22 20:02:37,735 main INFO  dao.CustomerDao (CustomerDao.java:173) - Cleaning up CustomerDao resources.
2024-10-22 20:02:37,826 main DEBUG dao.CustomerDao (CustomerDao.java:177) - DROP TABLE IF EXISTS A01183994_Customers
2024-10-22 20:02:37,836 main INFO  dao.CustomerDao (CustomerDao.java:179) - Table A01183994_Customers dropped successfully.
2024-10-22 20:02:37,837 main INFO  a01183994.Lab4 (Lab4.java:108) - Lab4 execution completed.
2024-10-22 20:12:08,034 main DEBUG database.Database (Database.java:30) - Loading database properties from db.properties
2024-10-22 20:12:08,378 main DEBUG dao.Dao (Dao.java:30) - CREATE TABLE A01183994_Customers (id VARCHAR(20), firstName VARCHAR(50), lastName VARCHAR(50), street VARCHAR(100), city VARCHAR(50), postalCode VARCHAR(10), phone VARCHAR(20), emailAddress VARCHAR(100), joinedDate DATE, PRIMARY KEY (id))
2024-10-22 20:12:08,391 main INFO  dao.CustomerDao (CustomerDao.java:82) - Table A01183994_Customers created successfully.
2024-10-22 20:12:08,400 main DEBUG dao.Dao (Dao.java:40) - INSERT INTO A01183994_Customers VALUES ('1', '6044335004', 'Fred', 'Fish', '5707 Sidley St', 'Burnaby', 'V5J5E6', 'fredfish@imperial.net', '2008-03-22')
2024-10-22 20:12:08,481 main DEBUG dao.Dao (Dao.java:40) - INSERT INTO A01183994_Customers VALUES ('2', '6048760182', 'Laurie', 'Nash', '2816 Commercial Dr', 'Vancouver', 'V5N4C6', 'laurieeenash@modern.com', '2014-08-28')
2024-10-22 20:12:08,552 main DEBUG dao.Dao (Dao.java:40) - INSERT INTO A01183994_Customers VALUES ('3', '6045884988', 'Conrad', 'Washington', '13479 King George Blvd', 'Surrey', 'V3T2T8', 'cwash@daytona.net', '2011-07-12')
2024-10-22 20:12:08,623 main DEBUG dao.Dao (Dao.java:40) - INSERT INTO A01183994_Customers VALUES ('4', '6042762552', 'Jeanette', 'Price', '21000 Westminster Hwy', 'Richmond', 'V6V2S9', 'priceizrite@pacific.com', '2015-10-03')
2024-10-22 20:12:08,695 main DEBUG dao.Dao (Dao.java:40) - INSERT INTO A01183994_Customers VALUES ('5', '6042931022', 'Mark', 'Chan', '3766 E 1st Ave', 'Burnaby', 'V5C3V9', 'mchan@hcenter.com', '2010-04-01')
2024-10-22 20:12:08,703 main INFO  a01183994.Lab4 (Lab4.java:148) - Customers added successfully from file.
2024-10-22 20:12:09,543 main INFO  dao.CustomerDao (CustomerDao.java:173) - Cleaning up CustomerDao resources.
2024-10-22 20:12:09,601 main DEBUG dao.CustomerDao (CustomerDao.java:177) - DROP TABLE IF EXISTS A01183994_Customers
2024-10-22 20:12:09,613 main INFO  dao.CustomerDao (CustomerDao.java:179) - Table A01183994_Customers dropped successfully.
2024-10-22 20:12:09,614 main INFO  a01183994.Lab4 (Lab4.java:108) - Lab4 execution completed.
2024-10-22 20:15:10,593 main DEBUG database.Database (Database.java:30) - Loading database properties from db.properties
2024-10-22 20:15:10,913 main DEBUG dao.Dao (Dao.java:30) - CREATE TABLE A01183994_Customers (id VARCHAR(20), firstName VARCHAR(50), lastName VARCHAR(50), street VARCHAR(100), city VARCHAR(50), postalCode VARCHAR(10), phone VARCHAR(20), emailAddress VARCHAR(100), joinedDate DATE, PRIMARY KEY (id))
2024-10-22 20:15:10,927 main INFO  dao.CustomerDao (CustomerDao.java:82) - Table A01183994_Customers created successfully.
2024-10-22 20:15:10,936 main DEBUG dao.Dao (Dao.java:40) - INSERT INTO A01183994_Customers VALUES ('1', '6044335004', 'Fred', 'Fish', '5707 Sidley St', 'Burnaby', 'V5J5E6', 'fredfish@imperial.net', '2008-03-22')
2024-10-22 20:15:11,016 main DEBUG dao.Dao (Dao.java:40) - INSERT INTO A01183994_Customers VALUES ('2', '6048760182', 'Laurie', 'Nash', '2816 Commercial Dr', 'Vancouver', 'V5N4C6', 'laurieeenash@modern.com', '2014-08-28')
2024-10-22 20:15:11,087 main DEBUG dao.Dao (Dao.java:40) - INSERT INTO A01183994_Customers VALUES ('3', '6045884988', 'Conrad', 'Washington', '13479 King George Blvd', 'Surrey', 'V3T2T8', 'cwash@daytona.net', '2011-07-12')
2024-10-22 20:15:11,164 main DEBUG dao.Dao (Dao.java:40) - INSERT INTO A01183994_Customers VALUES ('4', '6042762552', 'Jeanette', 'Price', '21000 Westminster Hwy', 'Richmond', 'V6V2S9', 'priceizrite@pacific.com', '2015-10-03')
2024-10-22 20:15:11,237 main DEBUG dao.Dao (Dao.java:40) - INSERT INTO A01183994_Customers VALUES ('5', '6042931022', 'Mark', 'Chan', '3766 E 1st Ave', 'Burnaby', 'V5C3V9', 'mchan@hcenter.com', '2010-04-01')
2024-10-22 20:15:11,247 main INFO  a01183994.Lab4 (Lab4.java:148) - Customers added successfully from file.
2024-10-22 20:15:12,145 main INFO  dao.CustomerDao (CustomerDao.java:172) - Cleaning up CustomerDao resources.
2024-10-22 20:15:12,206 main DEBUG dao.CustomerDao (CustomerDao.java:176) - DROP TABLE IF EXISTS A01183994_Customers
2024-10-22 20:15:12,221 main INFO  dao.CustomerDao (CustomerDao.java:178) - Table A01183994_Customers dropped successfully.
2024-10-22 20:15:12,221 main INFO  a01183994.Lab4 (Lab4.java:108) - Lab4 execution completed.
2024-10-22 20:16:24,666 main DEBUG database.Database (Database.java:30) - Loading database properties from db.properties
2024-10-22 20:16:24,978 main DEBUG dao.Dao (Dao.java:30) - CREATE TABLE A01183994_Customers (id VARCHAR(20), firstName VARCHAR(50), lastName VARCHAR(50), street VARCHAR(100), city VARCHAR(50), postalCode VARCHAR(10), phone VARCHAR(20), emailAddress VARCHAR(100), joinedDate DATE, PRIMARY KEY (id))
2024-10-22 20:16:24,990 main INFO  dao.CustomerDao (CustomerDao.java:82) - Table A01183994_Customers created successfully.
2024-10-22 20:16:24,998 main DEBUG dao.Dao (Dao.java:40) - INSERT INTO A01183994_Customers VALUES ('1', '6044335004', 'Fred', 'Fish', '5707 Sidley St', 'Burnaby', 'V5J5E6', 'fredfish@imperial.net', '2008-03-22')
2024-10-22 20:16:25,075 main DEBUG dao.Dao (Dao.java:40) - INSERT INTO A01183994_Customers VALUES ('2', '6048760182', 'Laurie', 'Nash', '2816 Commercial Dr', 'Vancouver', 'V5N4C6', 'laurieeenash@modern.com', '2014-08-28')
2024-10-22 20:16:25,149 main DEBUG dao.Dao (Dao.java:40) - INSERT INTO A01183994_Customers VALUES ('3', '6045884988', 'Conrad', 'Washington', '13479 King George Blvd', 'Surrey', 'V3T2T8', 'cwash@daytona.net', '2011-07-12')
2024-10-22 20:16:25,250 main DEBUG dao.Dao (Dao.java:40) - INSERT INTO A01183994_Customers VALUES ('4', '6042762552', 'Jeanette', 'Price', '21000 Westminster Hwy', 'Richmond', 'V6V2S9', 'priceizrite@pacific.com', '2015-10-03')
2024-10-22 20:16:25,321 main DEBUG dao.Dao (Dao.java:40) - INSERT INTO A01183994_Customers VALUES ('5', '6042931022', 'Mark', 'Chan', '3766 E 1st Ave', 'Burnaby', 'V5C3V9', 'mchan@hcenter.com', '2010-04-01')
2024-10-22 20:16:25,331 main INFO  a01183994.Lab4 (Lab4.java:148) - Customers added successfully from file.
2024-10-22 20:16:26,200 main INFO  dao.CustomerDao (CustomerDao.java:172) - Cleaning up CustomerDao resources.
2024-10-22 20:16:26,262 main DEBUG dao.CustomerDao (CustomerDao.java:176) - DROP TABLE IF EXISTS A01183994_Customers
2024-10-22 20:16:26,278 main INFO  dao.CustomerDao (CustomerDao.java:178) - Table A01183994_Customers dropped successfully.
2024-10-22 20:16:26,278 main INFO  a01183994.Lab4 (Lab4.java:108) - Lab4 execution completed.
2024-10-22 20:18:55,867 main DEBUG database.Database (Database.java:30) - Loading database properties from db.properties
2024-10-22 20:18:56,182 main DEBUG dao.Dao (Dao.java:30) - CREATE TABLE A01183994_Customers (id VARCHAR(20), firstName VARCHAR(50), lastName VARCHAR(50), street VARCHAR(100), city VARCHAR(50), postalCode VARCHAR(10), phone VARCHAR(20), emailAddress VARCHAR(100), joinedDate DATE, PRIMARY KEY (id))
2024-10-22 20:18:56,196 main INFO  dao.CustomerDao (CustomerDao.java:82) - Table A01183994_Customers created successfully.
2024-10-22 20:18:56,204 main DEBUG dao.Dao (Dao.java:40) - INSERT INTO A01183994_Customers VALUES ('1', 'Fred', 'Fish', '5707 Sidley St', 'Burnaby', 'V5J5E6', '6044335004', 'fredfish@imperial.net', '2008-03-22')
2024-10-22 20:18:56,291 main DEBUG dao.Dao (Dao.java:40) - INSERT INTO A01183994_Customers VALUES ('2', 'Laurie', 'Nash', '2816 Commercial Dr', 'Vancouver', 'V5N4C6', '6048760182', 'laurieeenash@modern.com', '2014-08-28')
2024-10-22 20:18:56,360 main DEBUG dao.Dao (Dao.java:40) - INSERT INTO A01183994_Customers VALUES ('3', 'Conrad', 'Washington', '13479 King George Blvd', 'Surrey', 'V3T2T8', '6045884988', 'cwash@daytona.net', '2011-07-12')
2024-10-22 20:18:56,433 main DEBUG dao.Dao (Dao.java:40) - INSERT INTO A01183994_Customers VALUES ('4', 'Jeanette', 'Price', '21000 Westminster Hwy', 'Richmond', 'V6V2S9', '6042762552', 'priceizrite@pacific.com', '2015-10-03')
2024-10-22 20:18:56,504 main DEBUG dao.Dao (Dao.java:40) - INSERT INTO A01183994_Customers VALUES ('5', 'Mark', 'Chan', '3766 E 1st Ave', 'Burnaby', 'V5C3V9', '6042931022', 'mchan@hcenter.com', '2010-04-01')
2024-10-22 20:18:56,514 main INFO  a01183994.Lab4 (Lab4.java:148) - Customers added successfully from file.
2024-10-22 20:18:57,386 main INFO  dao.CustomerDao (CustomerDao.java:172) - Cleaning up CustomerDao resources.
2024-10-22 20:18:57,446 main DEBUG dao.CustomerDao (CustomerDao.java:176) - DROP TABLE IF EXISTS A01183994_Customers
2024-10-22 20:18:57,460 main INFO  dao.CustomerDao (CustomerDao.java:178) - Table A01183994_Customers dropped successfully.
2024-10-22 20:18:57,460 main INFO  a01183994.Lab4 (Lab4.java:108) - Lab4 execution completed.
2024-10-22 20:24:44,744 main DEBUG database.Database (Database.java:30) - Loading database properties from db.properties
2024-10-22 20:24:45,100 main DEBUG dao.Dao (Dao.java:30) - CREATE TABLE A01183994_Customers (id VARCHAR(20), firstName VARCHAR(50), lastName VARCHAR(50), street VARCHAR(100), city VARCHAR(50), postalCode VARCHAR(10), phone VARCHAR(20), emailAddress VARCHAR(100), joinedDate DATE, PRIMARY KEY (id))
2024-10-22 20:24:45,115 main INFO  dao.CustomerDao (CustomerDao.java:82) - Table A01183994_Customers created successfully.
2024-10-22 20:24:45,124 main DEBUG dao.Dao (Dao.java:40) - INSERT INTO A01183994_Customers VALUES ('1', 'Fred', 'Fish', '5707 Sidley St', 'Burnaby', 'V5J5E6', '6044335004', 'fredfish@imperial.net', '2008-03-22')
2024-10-22 20:24:45,205 main DEBUG dao.Dao (Dao.java:40) - INSERT INTO A01183994_Customers VALUES ('2', 'Laurie', 'Nash', '2816 Commercial Dr', 'Vancouver', 'V5N4C6', '6048760182', 'laurieeenash@modern.com', '2014-08-28')
2024-10-22 20:24:45,277 main DEBUG dao.Dao (Dao.java:40) - INSERT INTO A01183994_Customers VALUES ('3', 'Conrad', 'Washington', '13479 King George Blvd', 'Surrey', 'V3T2T8', '6045884988', 'cwash@daytona.net', '2011-07-12')
2024-10-22 20:24:45,349 main DEBUG dao.Dao (Dao.java:40) - INSERT INTO A01183994_Customers VALUES ('4', 'Jeanette', 'Price', '21000 Westminster Hwy', 'Richmond', 'V6V2S9', '6042762552', 'priceizrite@pacific.com', '2015-10-03')
2024-10-22 20:24:45,419 main DEBUG dao.Dao (Dao.java:40) - INSERT INTO A01183994_Customers VALUES ('5', 'Mark', 'Chan', '3766 E 1st Ave', 'Burnaby', 'V5C3V9', '6042931022', 'mchan@hcenter.com', '2010-04-01')
2024-10-22 20:24:45,428 main INFO  a01183994.Lab4 (Lab4.java:150) - Customers added successfully from file.
2024-10-22 20:24:46,351 main INFO  dao.CustomerDao (CustomerDao.java:172) - Cleaning up CustomerDao resources.
2024-10-22 20:24:46,419 main DEBUG dao.CustomerDao (CustomerDao.java:176) - DROP TABLE IF EXISTS A01183994_Customers
2024-10-22 20:24:46,432 main INFO  dao.CustomerDao (CustomerDao.java:178) - Table A01183994_Customers dropped successfully.
2024-10-22 20:24:46,432 main INFO  a01183994.Lab4 (Lab4.java:110) - Lab4 execution completed.
